\BOOKMARK [1][-]{Doc-Start}{Introduction}{}% 1
\BOOKMARK [2][-]{subsection.0.1}{House Prices Prediction}{Doc-Start}% 2
\BOOKMARK [2][-]{subsection.0.2}{Outbrain Click Prediction}{Doc-Start}% 3
\BOOKMARK [1][-]{section.1}{Background}{}% 4
\BOOKMARK [2][-]{subsection.1.1}{Lasso Regression}{section.1}% 5
\BOOKMARK [2][-]{subsection.1.2}{Field-aware Factorization Machines}{section.1}% 6
\BOOKMARK [1][-]{section.2}{Algorithm and Methodology}{}% 7
\BOOKMARK [2][-]{subsection.2.1}{House Prices Prediction}{section.2}% 8
\BOOKMARK [3][-]{subsubsection.2.1.1}{Data Analysis}{subsection.2.1}% 9
\BOOKMARK [3][-]{subsubsection.2.1.2}{Data Cleaning}{subsection.2.1}% 10
\BOOKMARK [3][-]{subsubsection.2.1.3}{Methodology}{subsection.2.1}% 11
\BOOKMARK [3][-]{subsubsection.2.1.4}{Implementation}{subsection.2.1}% 12
\BOOKMARK [2][-]{subsection.2.2}{Outbrain Click Prediction}{section.2}% 13
\BOOKMARK [3][-]{subsubsection.2.2.1}{Data Analysis}{subsection.2.2}% 14
\BOOKMARK [3][-]{subsubsection.2.2.2}{Model}{subsection.2.2}% 15
\BOOKMARK [3][-]{subsubsection.2.2.3}{Streaming and Sampling}{subsection.2.2}% 16
\BOOKMARK [3][-]{subsubsection.2.2.4}{Leakage}{subsection.2.2}% 17
\BOOKMARK [1][-]{section.3}{Experiments and Results}{}% 18
\BOOKMARK [2][-]{subsection.3.1}{House Prices Prediction}{section.3}% 19
\BOOKMARK [3][-]{subsubsection.3.1.1}{Experimental Setup}{subsection.3.1}% 20
\BOOKMARK [3][-]{subsubsection.3.1.2}{Results}{subsection.3.1}% 21
\BOOKMARK [2][-]{subsection.3.2}{Outbrain Click Prediction}{section.3}% 22
\BOOKMARK [3][-]{subsubsection.3.2.1}{Experiments with three features }{subsection.3.2}% 23
\BOOKMARK [3][-]{subsubsection.3.2.2}{Experiments on leakages}{subsection.3.2}% 24
\BOOKMARK [3][-]{subsubsection.3.2.3}{Our best solution}{subsection.3.2}% 25
\BOOKMARK [1][-]{section.4}{Summary and Conclusions}{}% 26
\BOOKMARK [1][-]{section*.13}{Acknowledgments}{}% 27
\BOOKMARK [1][-]{section*.14}{References}{}% 28
